{"/Users/Kevgumba/Desktop/Programming/chingu/quizApp/Bears-Team-0/server.js": {"path":"/Users/Kevgumba/Desktop/Programming/chingu/quizApp/Bears-Team-0/server.js","statementMap":{"0":{"start":{"line":1,"column":22},"end":{"line":1,"column":40}},"1":{"start":{"line":2,"column":22},"end":{"line":2,"column":44}},"2":{"start":{"line":3,"column":22},"end":{"line":3,"column":44}},"3":{"start":{"line":4,"column":22},"end":{"line":4,"column":39}},"4":{"start":{"line":5,"column":22},"end":{"line":5,"column":41}},"5":{"start":{"line":7,"column":22},"end":{"line":7,"column":52}},"6":{"start":{"line":8,"column":22},"end":{"line":8,"column":51}},"7":{"start":{"line":10,"column":22},"end":{"line":10,"column":41}},"8":{"start":{"line":11,"column":22},"end":{"line":11,"column":39}},"9":{"start":{"line":13,"column":18},"end":{"line":13,"column":27}},"10":{"start":{"line":17,"column":0},"end":{"line":17,"column":29}},"11":{"start":{"line":18,"column":0},"end":{"line":18,"column":29}},"12":{"start":{"line":19,"column":0},"end":{"line":19,"column":56}},"13":{"start":{"line":20,"column":0},"end":{"line":20,"column":33}},"14":{"start":{"line":24,"column":0},"end":{"line":24,"column":28}},"15":{"start":{"line":28,"column":0},"end":{"line":28,"column":36}},"16":{"start":{"line":29,"column":0},"end":{"line":29,"column":30}},"17":{"start":{"line":33,"column":0},"end":{"line":37,"column":2}},"18":{"start":{"line":34,"column":4},"end":{"line":34,"column":52}},"19":{"start":{"line":36,"column":4},"end":{"line":36,"column":80}},"20":{"start":{"line":39,"column":0},"end":{"line":39,"column":26}}},"fnMap":{"0":{"name":"(anonymous_0)","decl":{"start":{"line":33,"column":14},"end":{"line":33,"column":15}},"loc":{"start":{"line":33,"column":39},"end":{"line":37,"column":1}},"line":33}},"branchMap":{"0":{"loc":{"start":{"line":34,"column":11},"end":{"line":34,"column":28}},"type":"binary-expr","locations":[{"start":{"line":34,"column":11},"end":{"line":34,"column":21}},{"start":{"line":34,"column":25},"end":{"line":34,"column":28}}],"line":34},"1":{"loc":{"start":{"line":36,"column":15},"end":{"line":36,"column":32}},"type":"binary-expr","locations":[{"start":{"line":36,"column":15},"end":{"line":36,"column":25}},{"start":{"line":36,"column":29},"end":{"line":36,"column":32}}],"line":36}},"s":{"0":2,"1":2,"2":2,"3":2,"4":2,"5":2,"6":2,"7":2,"8":2,"9":2,"10":2,"11":2,"12":2,"13":2,"14":2,"15":2,"16":2,"17":2,"18":0,"19":0,"20":2},"f":{"0":0},"b":{"0":[0,0],"1":[0,0]},"_coverageSchema":"332fd63041d2c1bcb487cc26dd0d5f7d97098a6c","hash":"b3eec16a006e35a8777dd185d9d1ed2149cc8547"}
,"/Users/Kevgumba/Desktop/Programming/chingu/quizApp/Bears-Team-0/auth/index.js": {"path":"/Users/Kevgumba/Desktop/Programming/chingu/quizApp/Bears-Team-0/auth/index.js","statementMap":{"0":{"start":{"line":1,"column":24},"end":{"line":1,"column":39}},"1":{"start":{"line":2,"column":24},"end":{"line":2,"column":43}},"2":{"start":{"line":3,"column":24},"end":{"line":3,"column":42}},"3":{"start":{"line":4,"column":24},"end":{"line":4,"column":67}},"4":{"start":{"line":5,"column":24},"end":{"line":5,"column":47}},"5":{"start":{"line":6,"column":24},"end":{"line":6,"column":50}},"6":{"start":{"line":7,"column":24},"end":{"line":7,"column":62}},"7":{"start":{"line":8,"column":24},"end":{"line":8,"column":40}},"8":{"start":{"line":10,"column":16},"end":{"line":10,"column":51}},"9":{"start":{"line":11,"column":16},"end":{"line":11,"column":41}},"10":{"start":{"line":13,"column":0},"end":{"line":14,"column":68}},"11":{"start":{"line":16,"column":0},"end":{"line":25,"column":5}},"12":{"start":{"line":21,"column":18},"end":{"line":21,"column":100}},"13":{"start":{"line":22,"column":4},"end":{"line":22,"column":52}},"14":{"start":{"line":24,"column":4},"end":{"line":24,"column":46}},"15":{"start":{"line":32,"column":0},"end":{"line":32,"column":34}},"16":{"start":{"line":34,"column":0},"end":{"line":46,"column":1}},"17":{"start":{"line":35,"column":2},"end":{"line":45,"column":3}},"18":{"start":{"line":36,"column":4},"end":{"line":36,"column":43}},"19":{"start":{"line":37,"column":4},"end":{"line":41,"column":7}},"20":{"start":{"line":38,"column":6},"end":{"line":38,"column":25}},"21":{"start":{"line":38,"column":15},"end":{"line":38,"column":25}},"22":{"start":{"line":39,"column":6},"end":{"line":39,"column":47}},"23":{"start":{"line":40,"column":6},"end":{"line":40,"column":13}},"24":{"start":{"line":43,"column":16},"end":{"line":43,"column":51}},"25":{"start":{"line":44,"column":4},"end":{"line":44,"column":13}},"26":{"start":{"line":48,"column":0},"end":{"line":51,"column":1}},"27":{"start":{"line":49,"column":2},"end":{"line":49,"column":33}},"28":{"start":{"line":53,"column":0},"end":{"line":79,"column":2}},"29":{"start":{"line":59,"column":17},"end":{"line":68,"column":5}},"30":{"start":{"line":69,"column":4},"end":{"line":69,"column":47}},"31":{"start":{"line":71,"column":4},"end":{"line":77,"column":7}},"32":{"start":{"line":72,"column":6},"end":{"line":72,"column":51}},"33":{"start":{"line":73,"column":6},"end":{"line":73,"column":28}},"34":{"start":{"line":75,"column":6},"end":{"line":75,"column":40}},"35":{"start":{"line":76,"column":6},"end":{"line":76,"column":27}}},"fnMap":{"0":{"name":"(anonymous_0)","decl":{"start":{"line":19,"column":2},"end":{"line":19,"column":3}},"loc":{"start":{"line":19,"column":21},"end":{"line":25,"column":3}},"line":19},"1":{"name":"jwtCheck","decl":{"start":{"line":34,"column":35},"end":{"line":34,"column":43}},"loc":{"start":{"line":34,"column":60},"end":{"line":46,"column":1}},"line":34},"2":{"name":"(anonymous_2)","decl":{"start":{"line":37,"column":84},"end":{"line":37,"column":85}},"loc":{"start":{"line":37,"column":102},"end":{"line":41,"column":5}},"line":37},"3":{"name":"(anonymous_3)","decl":{"start":{"line":48,"column":30},"end":{"line":48,"column":31}},"loc":{"start":{"line":48,"column":39},"end":{"line":51,"column":1}},"line":48},"4":{"name":"(anonymous_4)","decl":{"start":{"line":58,"column":0},"end":{"line":58,"column":1}},"loc":{"start":{"line":58,"column":49},"end":{"line":78,"column":3}},"line":58},"5":{"name":"(anonymous_5)","decl":{"start":{"line":71,"column":33},"end":{"line":71,"column":34}},"loc":{"start":{"line":71,"column":43},"end":{"line":74,"column":5}},"line":71},"6":{"name":"(anonymous_6)","decl":{"start":{"line":74,"column":13},"end":{"line":74,"column":14}},"loc":{"start":{"line":74,"column":20},"end":{"line":77,"column":5}},"line":74}},"branchMap":{"0":{"loc":{"start":{"line":35,"column":2},"end":{"line":45,"column":3}},"type":"if","locations":[{"start":{"line":35,"column":2},"end":{"line":45,"column":3}},{"start":{"line":35,"column":2},"end":{"line":45,"column":3}}],"line":35},"1":{"loc":{"start":{"line":35,"column":6},"end":{"line":35,"column":102}},"type":"binary-expr","locations":[{"start":{"line":35,"column":6},"end":{"line":35,"column":17}},{"start":{"line":35,"column":21},"end":{"line":35,"column":46}},{"start":{"line":35,"column":50},"end":{"line":35,"column":102}}],"line":35},"2":{"loc":{"start":{"line":38,"column":6},"end":{"line":38,"column":25}},"type":"if","locations":[{"start":{"line":38,"column":6},"end":{"line":38,"column":25}},{"start":{"line":38,"column":6},"end":{"line":38,"column":25}}],"line":38}},"s":{"0":2,"1":2,"2":2,"3":2,"4":2,"5":2,"6":2,"7":2,"8":2,"9":2,"10":2,"11":2,"12":0,"13":0,"14":0,"15":2,"16":2,"17":0,"18":0,"19":0,"20":0,"21":0,"22":0,"23":0,"24":0,"25":0,"26":2,"27":2,"28":2,"29":0,"30":0,"31":0,"32":0,"33":0,"34":0,"35":0},"f":{"0":0,"1":0,"2":0,"3":2,"4":0,"5":0,"6":0},"b":{"0":[0,0],"1":[0,0,0],"2":[0,0]},"_coverageSchema":"332fd63041d2c1bcb487cc26dd0d5f7d97098a6c","hash":"f15a47e8a9760912b88a8881a6013253d807db52"}
,"/Users/Kevgumba/Desktop/Programming/chingu/quizApp/Bears-Team-0/config/dev.js": {"path":"/Users/Kevgumba/Desktop/Programming/chingu/quizApp/Bears-Team-0/config/dev.js","statementMap":{"0":{"start":{"line":1,"column":0},"end":{"line":8,"column":3}}},"fnMap":{},"branchMap":{},"s":{"0":2},"f":{},"b":{},"_coverageSchema":"332fd63041d2c1bcb487cc26dd0d5f7d97098a6c","hash":"32a3991c1cd0d8ceddbab0ee82e9f4338759e415"}
,"/Users/Kevgumba/Desktop/Programming/chingu/quizApp/Bears-Team-0/config/index.js": {"path":"/Users/Kevgumba/Desktop/Programming/chingu/quizApp/Bears-Team-0/config/index.js","statementMap":{"0":{"start":{"line":2,"column":0},"end":{"line":6,"column":1}},"1":{"start":{"line":3,"column":2},"end":{"line":3,"column":36}},"2":{"start":{"line":5,"column":2},"end":{"line":5,"column":35}}},"fnMap":{},"branchMap":{"0":{"loc":{"start":{"line":2,"column":0},"end":{"line":6,"column":1}},"type":"if","locations":[{"start":{"line":2,"column":0},"end":{"line":6,"column":1}},{"start":{"line":2,"column":0},"end":{"line":6,"column":1}}],"line":2}},"s":{"0":2,"1":0,"2":2},"f":{},"b":{"0":[0,2]},"_coverageSchema":"332fd63041d2c1bcb487cc26dd0d5f7d97098a6c","hash":"697363b8eefe3cbb2ee0148da280a3898972daab"}
,"/Users/Kevgumba/Desktop/Programming/chingu/quizApp/Bears-Team-0/controllers/quiz_controller.js": {"path":"/Users/Kevgumba/Desktop/Programming/chingu/quizApp/Bears-Team-0/controllers/quiz_controller.js","statementMap":{"0":{"start":{"line":1,"column":18},"end":{"line":1,"column":56}},"1":{"start":{"line":3,"column":14},"end":{"line":3,"column":53}},"2":{"start":{"line":4,"column":14},"end":{"line":4,"column":43}},"3":{"start":{"line":10,"column":0},"end":{"line":17,"column":2}},"4":{"start":{"line":11,"column":4},"end":{"line":16,"column":29}},"5":{"start":{"line":13,"column":8},"end":{"line":13,"column":37}},"6":{"start":{"line":14,"column":8},"end":{"line":14,"column":34}},"7":{"start":{"line":16,"column":18},"end":{"line":16,"column":27}},"8":{"start":{"line":22,"column":0},"end":{"line":28,"column":1}},"9":{"start":{"line":23,"column":4},"end":{"line":27,"column":31}},"10":{"start":{"line":25,"column":8},"end":{"line":25,"column":35}},"11":{"start":{"line":26,"column":8},"end":{"line":26,"column":34}},"12":{"start":{"line":27,"column":20},"end":{"line":27,"column":29}},"13":{"start":{"line":33,"column":0},"end":{"line":39,"column":1}},"14":{"start":{"line":34,"column":4},"end":{"line":38,"column":31}},"15":{"start":{"line":36,"column":8},"end":{"line":36,"column":39}},"16":{"start":{"line":37,"column":8},"end":{"line":37,"column":34}},"17":{"start":{"line":38,"column":20},"end":{"line":38,"column":29}},"18":{"start":{"line":44,"column":0},"end":{"line":50,"column":1}},"19":{"start":{"line":45,"column":4},"end":{"line":49,"column":31}},"20":{"start":{"line":47,"column":8},"end":{"line":47,"column":39}},"21":{"start":{"line":48,"column":8},"end":{"line":48,"column":35}},"22":{"start":{"line":49,"column":20},"end":{"line":49,"column":29}},"23":{"start":{"line":55,"column":0},"end":{"line":61,"column":1}},"24":{"start":{"line":56,"column":4},"end":{"line":60,"column":31}},"25":{"start":{"line":58,"column":8},"end":{"line":58,"column":43}},"26":{"start":{"line":59,"column":8},"end":{"line":59,"column":34}},"27":{"start":{"line":60,"column":20},"end":{"line":60,"column":29}},"28":{"start":{"line":67,"column":0},"end":{"line":72,"column":1}},"29":{"start":{"line":68,"column":4},"end":{"line":71,"column":31}},"30":{"start":{"line":69,"column":8},"end":{"line":69,"column":41}},"31":{"start":{"line":70,"column":8},"end":{"line":70,"column":35}},"32":{"start":{"line":71,"column":20},"end":{"line":71,"column":29}},"33":{"start":{"line":77,"column":0},"end":{"line":83,"column":1}},"34":{"start":{"line":78,"column":4},"end":{"line":82,"column":31}},"35":{"start":{"line":81,"column":8},"end":{"line":81,"column":33}},"36":{"start":{"line":82,"column":20},"end":{"line":82,"column":29}},"37":{"start":{"line":88,"column":0},"end":{"line":94,"column":1}},"38":{"start":{"line":89,"column":4},"end":{"line":92,"column":35}},"39":{"start":{"line":91,"column":12},"end":{"line":91,"column":38}},"40":{"start":{"line":92,"column":24},"end":{"line":92,"column":33}},"41":{"start":{"line":99,"column":0},"end":{"line":104,"column":1}},"42":{"start":{"line":100,"column":4},"end":{"line":103,"column":31}},"43":{"start":{"line":102,"column":8},"end":{"line":102,"column":35}},"44":{"start":{"line":103,"column":20},"end":{"line":103,"column":29}}},"fnMap":{"0":{"name":"(anonymous_0)","decl":{"start":{"line":10,"column":26},"end":{"line":10,"column":27}},"loc":{"start":{"line":10,"column":50},"end":{"line":17,"column":1}},"line":10},"1":{"name":"(anonymous_1)","decl":{"start":{"line":12,"column":10},"end":{"line":12,"column":11}},"loc":{"start":{"line":12,"column":19},"end":{"line":15,"column":5}},"line":12},"2":{"name":"(anonymous_2)","decl":{"start":{"line":16,"column":11},"end":{"line":16,"column":12}},"loc":{"start":{"line":16,"column":18},"end":{"line":16,"column":27}},"line":16},"3":{"name":"(anonymous_3)","decl":{"start":{"line":22,"column":32},"end":{"line":22,"column":33}},"loc":{"start":{"line":22,"column":57},"end":{"line":28,"column":1}},"line":22},"4":{"name":"(anonymous_4)","decl":{"start":{"line":24,"column":10},"end":{"line":24,"column":11}},"loc":{"start":{"line":24,"column":18},"end":{"line":27,"column":5}},"line":24},"5":{"name":"(anonymous_5)","decl":{"start":{"line":27,"column":13},"end":{"line":27,"column":14}},"loc":{"start":{"line":27,"column":20},"end":{"line":27,"column":29}},"line":27},"6":{"name":"(anonymous_6)","decl":{"start":{"line":33,"column":36},"end":{"line":33,"column":37}},"loc":{"start":{"line":33,"column":61},"end":{"line":39,"column":1}},"line":33},"7":{"name":"(anonymous_7)","decl":{"start":{"line":35,"column":10},"end":{"line":35,"column":11}},"loc":{"start":{"line":35,"column":18},"end":{"line":38,"column":5}},"line":35},"8":{"name":"(anonymous_8)","decl":{"start":{"line":38,"column":13},"end":{"line":38,"column":14}},"loc":{"start":{"line":38,"column":20},"end":{"line":38,"column":29}},"line":38},"9":{"name":"(anonymous_9)","decl":{"start":{"line":44,"column":33},"end":{"line":44,"column":34}},"loc":{"start":{"line":44,"column":58},"end":{"line":50,"column":1}},"line":44},"10":{"name":"(anonymous_10)","decl":{"start":{"line":46,"column":10},"end":{"line":46,"column":11}},"loc":{"start":{"line":46,"column":19},"end":{"line":49,"column":5}},"line":46},"11":{"name":"(anonymous_11)","decl":{"start":{"line":49,"column":13},"end":{"line":49,"column":14}},"loc":{"start":{"line":49,"column":20},"end":{"line":49,"column":29}},"line":49},"12":{"name":"(anonymous_12)","decl":{"start":{"line":55,"column":37},"end":{"line":55,"column":38}},"loc":{"start":{"line":55,"column":62},"end":{"line":61,"column":1}},"line":55},"13":{"name":"(anonymous_13)","decl":{"start":{"line":57,"column":10},"end":{"line":57,"column":11}},"loc":{"start":{"line":57,"column":21},"end":{"line":60,"column":5}},"line":57},"14":{"name":"(anonymous_14)","decl":{"start":{"line":60,"column":13},"end":{"line":60,"column":14}},"loc":{"start":{"line":60,"column":20},"end":{"line":60,"column":29}},"line":60},"15":{"name":"(anonymous_15)","decl":{"start":{"line":67,"column":30},"end":{"line":67,"column":31}},"loc":{"start":{"line":67,"column":55},"end":{"line":72,"column":1}},"line":67},"16":{"name":"(anonymous_16)","decl":{"start":{"line":68,"column":27},"end":{"line":68,"column":28}},"loc":{"start":{"line":68,"column":36},"end":{"line":71,"column":5}},"line":68},"17":{"name":"(anonymous_17)","decl":{"start":{"line":71,"column":13},"end":{"line":71,"column":14}},"loc":{"start":{"line":71,"column":20},"end":{"line":71,"column":29}},"line":71},"18":{"name":"(anonymous_18)","decl":{"start":{"line":77,"column":28},"end":{"line":77,"column":29}},"loc":{"start":{"line":77,"column":53},"end":{"line":83,"column":1}},"line":77},"19":{"name":"(anonymous_19)","decl":{"start":{"line":79,"column":10},"end":{"line":79,"column":11}},"loc":{"start":{"line":79,"column":20},"end":{"line":82,"column":5}},"line":79},"20":{"name":"(anonymous_20)","decl":{"start":{"line":82,"column":13},"end":{"line":82,"column":14}},"loc":{"start":{"line":82,"column":20},"end":{"line":82,"column":29}},"line":82},"21":{"name":"(anonymous_21)","decl":{"start":{"line":88,"column":28},"end":{"line":88,"column":29}},"loc":{"start":{"line":88,"column":53},"end":{"line":94,"column":1}},"line":88},"22":{"name":"(anonymous_22)","decl":{"start":{"line":90,"column":14},"end":{"line":90,"column":15}},"loc":{"start":{"line":90,"column":27},"end":{"line":92,"column":9}},"line":90},"23":{"name":"(anonymous_23)","decl":{"start":{"line":92,"column":17},"end":{"line":92,"column":18}},"loc":{"start":{"line":92,"column":24},"end":{"line":92,"column":33}},"line":92},"24":{"name":"(anonymous_24)","decl":{"start":{"line":99,"column":28},"end":{"line":99,"column":29}},"loc":{"start":{"line":99,"column":53},"end":{"line":104,"column":1}},"line":99},"25":{"name":"(anonymous_25)","decl":{"start":{"line":101,"column":10},"end":{"line":101,"column":11}},"loc":{"start":{"line":101,"column":21},"end":{"line":103,"column":5}},"line":101},"26":{"name":"(anonymous_26)","decl":{"start":{"line":103,"column":13},"end":{"line":103,"column":14}},"loc":{"start":{"line":103,"column":20},"end":{"line":103,"column":29}},"line":103}},"branchMap":{},"s":{"0":2,"1":2,"2":2,"3":2,"4":1,"5":1,"6":1,"7":0,"8":2,"9":1,"10":1,"11":1,"12":0,"13":2,"14":0,"15":0,"16":0,"17":0,"18":2,"19":1,"20":1,"21":1,"22":0,"23":2,"24":1,"25":1,"26":1,"27":0,"28":2,"29":1,"30":1,"31":1,"32":0,"33":2,"34":1,"35":1,"36":0,"37":2,"38":1,"39":1,"40":0,"41":2,"42":1,"43":1,"44":0},"f":{"0":1,"1":1,"2":0,"3":1,"4":1,"5":0,"6":0,"7":0,"8":0,"9":1,"10":1,"11":0,"12":1,"13":1,"14":0,"15":1,"16":1,"17":0,"18":1,"19":1,"20":0,"21":1,"22":1,"23":0,"24":1,"25":1,"26":0},"b":{},"_coverageSchema":"332fd63041d2c1bcb487cc26dd0d5f7d97098a6c","hash":"93359a5dad37bba41e94eb70f9ad60939170d46e"}
,"/Users/Kevgumba/Desktop/Programming/chingu/quizApp/Bears-Team-0/controllers/user_controller.js": {"path":"/Users/Kevgumba/Desktop/Programming/chingu/quizApp/Bears-Team-0/controllers/user_controller.js","statementMap":{"0":{"start":{"line":1,"column":18},"end":{"line":1,"column":33}},"1":{"start":{"line":2,"column":18},"end":{"line":2,"column":56}},"2":{"start":{"line":4,"column":14},"end":{"line":4,"column":53}},"3":{"start":{"line":5,"column":14},"end":{"line":5,"column":43}},"4":{"start":{"line":10,"column":0},"end":{"line":16,"column":1}},"5":{"start":{"line":11,"column":4},"end":{"line":15,"column":30}},"6":{"start":{"line":13,"column":8},"end":{"line":13,"column":32}},"7":{"start":{"line":14,"column":8},"end":{"line":14,"column":33}},"8":{"start":{"line":15,"column":20},"end":{"line":15,"column":29}},"9":{"start":{"line":20,"column":0},"end":{"line":25,"column":1}},"10":{"start":{"line":21,"column":4},"end":{"line":24,"column":31}},"11":{"start":{"line":22,"column":8},"end":{"line":22,"column":39}},"12":{"start":{"line":23,"column":8},"end":{"line":23,"column":35}},"13":{"start":{"line":24,"column":20},"end":{"line":24,"column":29}},"14":{"start":{"line":30,"column":0},"end":{"line":36,"column":1}},"15":{"start":{"line":31,"column":4},"end":{"line":35,"column":30}},"16":{"start":{"line":33,"column":8},"end":{"line":33,"column":54}},"17":{"start":{"line":34,"column":8},"end":{"line":34,"column":32}},"18":{"start":{"line":35,"column":20},"end":{"line":35,"column":29}},"19":{"start":{"line":40,"column":0},"end":{"line":47,"column":2}},"20":{"start":{"line":41,"column":4},"end":{"line":46,"column":28}},"21":{"start":{"line":43,"column":8},"end":{"line":43,"column":36}},"22":{"start":{"line":44,"column":8},"end":{"line":44,"column":33}},"23":{"start":{"line":46,"column":18},"end":{"line":46,"column":27}},"24":{"start":{"line":51,"column":0},"end":{"line":55,"column":1}},"25":{"start":{"line":52,"column":4},"end":{"line":54,"column":30}},"26":{"start":{"line":53,"column":8},"end":{"line":53,"column":35}},"27":{"start":{"line":54,"column":20},"end":{"line":54,"column":29}},"28":{"start":{"line":60,"column":0},"end":{"line":64,"column":1}},"29":{"start":{"line":61,"column":4},"end":{"line":63,"column":30}},"30":{"start":{"line":62,"column":8},"end":{"line":62,"column":35}},"31":{"start":{"line":63,"column":20},"end":{"line":63,"column":29}}},"fnMap":{"0":{"name":"(anonymous_0)","decl":{"start":{"line":10,"column":30},"end":{"line":10,"column":31}},"loc":{"start":{"line":10,"column":55},"end":{"line":16,"column":1}},"line":10},"1":{"name":"(anonymous_1)","decl":{"start":{"line":12,"column":10},"end":{"line":12,"column":11}},"loc":{"start":{"line":12,"column":18},"end":{"line":15,"column":5}},"line":12},"2":{"name":"(anonymous_2)","decl":{"start":{"line":15,"column":13},"end":{"line":15,"column":14}},"loc":{"start":{"line":15,"column":20},"end":{"line":15,"column":29}},"line":15},"3":{"name":"(anonymous_3)","decl":{"start":{"line":20,"column":30},"end":{"line":20,"column":31}},"loc":{"start":{"line":20,"column":55},"end":{"line":25,"column":1}},"line":20},"4":{"name":"(anonymous_4)","decl":{"start":{"line":21,"column":27},"end":{"line":21,"column":28}},"loc":{"start":{"line":21,"column":36},"end":{"line":24,"column":5}},"line":21},"5":{"name":"(anonymous_5)","decl":{"start":{"line":24,"column":13},"end":{"line":24,"column":14}},"loc":{"start":{"line":24,"column":20},"end":{"line":24,"column":29}},"line":24},"6":{"name":"(anonymous_6)","decl":{"start":{"line":30,"column":28},"end":{"line":30,"column":29}},"loc":{"start":{"line":30,"column":53},"end":{"line":36,"column":1}},"line":30},"7":{"name":"(anonymous_7)","decl":{"start":{"line":32,"column":10},"end":{"line":32,"column":11}},"loc":{"start":{"line":32,"column":18},"end":{"line":35,"column":5}},"line":32},"8":{"name":"(anonymous_8)","decl":{"start":{"line":35,"column":13},"end":{"line":35,"column":14}},"loc":{"start":{"line":35,"column":20},"end":{"line":35,"column":29}},"line":35},"9":{"name":"(anonymous_9)","decl":{"start":{"line":40,"column":26},"end":{"line":40,"column":27}},"loc":{"start":{"line":40,"column":50},"end":{"line":47,"column":1}},"line":40},"10":{"name":"(anonymous_10)","decl":{"start":{"line":42,"column":10},"end":{"line":42,"column":11}},"loc":{"start":{"line":42,"column":19},"end":{"line":45,"column":5}},"line":42},"11":{"name":"(anonymous_11)","decl":{"start":{"line":46,"column":11},"end":{"line":46,"column":12}},"loc":{"start":{"line":46,"column":18},"end":{"line":46,"column":27}},"line":46},"12":{"name":"(anonymous_12)","decl":{"start":{"line":51,"column":28},"end":{"line":51,"column":29}},"loc":{"start":{"line":51,"column":53},"end":{"line":55,"column":1}},"line":51},"13":{"name":"(anonymous_13)","decl":{"start":{"line":52,"column":58},"end":{"line":52,"column":59}},"loc":{"start":{"line":52,"column":69},"end":{"line":54,"column":5}},"line":52},"14":{"name":"(anonymous_14)","decl":{"start":{"line":54,"column":13},"end":{"line":54,"column":14}},"loc":{"start":{"line":54,"column":20},"end":{"line":54,"column":29}},"line":54},"15":{"name":"(anonymous_15)","decl":{"start":{"line":60,"column":28},"end":{"line":60,"column":29}},"loc":{"start":{"line":60,"column":53},"end":{"line":64,"column":1}},"line":60},"16":{"name":"(anonymous_16)","decl":{"start":{"line":61,"column":42},"end":{"line":61,"column":43}},"loc":{"start":{"line":61,"column":53},"end":{"line":63,"column":5}},"line":61},"17":{"name":"(anonymous_17)","decl":{"start":{"line":63,"column":13},"end":{"line":63,"column":14}},"loc":{"start":{"line":63,"column":20},"end":{"line":63,"column":29}},"line":63}},"branchMap":{},"s":{"0":2,"1":2,"2":2,"3":2,"4":2,"5":0,"6":0,"7":0,"8":0,"9":2,"10":1,"11":1,"12":1,"13":0,"14":2,"15":0,"16":0,"17":0,"18":0,"19":2,"20":0,"21":0,"22":0,"23":0,"24":2,"25":0,"26":0,"27":0,"28":2,"29":0,"30":0,"31":0},"f":{"0":0,"1":0,"2":0,"3":1,"4":1,"5":0,"6":0,"7":0,"8":0,"9":0,"10":0,"11":0,"12":0,"13":0,"14":0,"15":0,"16":0,"17":0},"b":{},"_coverageSchema":"332fd63041d2c1bcb487cc26dd0d5f7d97098a6c","hash":"6254c0999662b5d91987ba3c06b35c39f9914afd"}
,"/Users/Kevgumba/Desktop/Programming/chingu/quizApp/Bears-Team-0/models/quiz/Quiz.js": {"path":"/Users/Kevgumba/Desktop/Programming/chingu/quizApp/Bears-Team-0/models/quiz/Quiz.js","statementMap":{"0":{"start":{"line":1,"column":0},"end":{"line":14,"column":1}},"1":{"start":{"line":3,"column":4},"end":{"line":5,"column":5}},"2":{"start":{"line":4,"column":6},"end":{"line":4,"column":21}},"3":{"start":{"line":6,"column":4},"end":{"line":6,"column":23}},"4":{"start":{"line":7,"column":4},"end":{"line":7,"column":25}},"5":{"start":{"line":8,"column":4},"end":{"line":8,"column":31}},"6":{"start":{"line":9,"column":4},"end":{"line":9,"column":35}},"7":{"start":{"line":10,"column":4},"end":{"line":10,"column":23}}},"fnMap":{"0":{"name":"(anonymous_0)","decl":{"start":{"line":2,"column":2},"end":{"line":2,"column":3}},"loc":{"start":{"line":2,"column":65},"end":{"line":13,"column":3}},"line":2}},"branchMap":{"0":{"loc":{"start":{"line":2,"column":53},"end":{"line":2,"column":63}},"type":"default-arg","locations":[{"start":{"line":2,"column":59},"end":{"line":2,"column":63}}],"line":2},"1":{"loc":{"start":{"line":3,"column":4},"end":{"line":5,"column":5}},"type":"if","locations":[{"start":{"line":3,"column":4},"end":{"line":5,"column":5}},{"start":{"line":3,"column":4},"end":{"line":5,"column":5}}],"line":3}},"s":{"0":2,"1":130,"2":48,"3":130,"4":130,"5":130,"6":130,"7":130},"f":{"0":130},"b":{"0":[82],"1":[48,82]},"_coverageSchema":"332fd63041d2c1bcb487cc26dd0d5f7d97098a6c","hash":"092e956bc916fd44243b73f277ac955daf2432d3"}
,"/Users/Kevgumba/Desktop/Programming/chingu/quizApp/Bears-Team-0/models/quiz/mongodb_quiz.js": {"path":"/Users/Kevgumba/Desktop/Programming/chingu/quizApp/Bears-Team-0/models/quiz/mongodb_quiz.js","statementMap":{"0":{"start":{"line":1,"column":22},"end":{"line":1,"column":40}},"1":{"start":{"line":2,"column":22},"end":{"line":2,"column":52}},"2":{"start":{"line":3,"column":22},"end":{"line":3,"column":37}},"3":{"start":{"line":4,"column":22},"end":{"line":4,"column":45}},"4":{"start":{"line":5,"column":22},"end":{"line":5,"column":39}},"5":{"start":{"line":7,"column":14},"end":{"line":7,"column":50}},"6":{"start":{"line":8,"column":14},"end":{"line":8,"column":43}},"7":{"start":{"line":12,"column":26},"end":{"line":12,"column":49}},"8":{"start":{"line":13,"column":26},"end":{"line":13,"column":52}},"9":{"start":{"line":14,"column":26},"end":{"line":14,"column":34}},"10":{"start":{"line":20,"column":0},"end":{"line":30,"column":1}},"11":{"start":{"line":21,"column":4},"end":{"line":29,"column":6}},"12":{"start":{"line":22,"column":8},"end":{"line":22,"column":34}},"13":{"start":{"line":22,"column":16},"end":{"line":22,"column":34}},"14":{"start":{"line":23,"column":8},"end":{"line":28,"column":10}},"15":{"start":{"line":24,"column":12},"end":{"line":24,"column":39}},"16":{"start":{"line":24,"column":21},"end":{"line":24,"column":39}},"17":{"start":{"line":25,"column":12},"end":{"line":25,"column":38}},"18":{"start":{"line":26,"column":12},"end":{"line":26,"column":67}},"19":{"start":{"line":27,"column":12},"end":{"line":27,"column":23}},"20":{"start":{"line":37,"column":0},"end":{"line":53,"column":1}},"21":{"start":{"line":38,"column":4},"end":{"line":52,"column":7}},"22":{"start":{"line":39,"column":25},"end":{"line":39,"column":56}},"23":{"start":{"line":40,"column":23},"end":{"line":40,"column":48}},"24":{"start":{"line":41,"column":8},"end":{"line":51,"column":15}},"25":{"start":{"line":43,"column":29},"end":{"line":48,"column":17}},"26":{"start":{"line":49,"column":16},"end":{"line":49,"column":56}},"27":{"start":{"line":50,"column":16},"end":{"line":50,"column":27}},"28":{"start":{"line":61,"column":0},"end":{"line":78,"column":1}},"29":{"start":{"line":62,"column":4},"end":{"line":77,"column":6}},"30":{"start":{"line":63,"column":25},"end":{"line":63,"column":56}},"31":{"start":{"line":68,"column":8},"end":{"line":76,"column":11}},"32":{"start":{"line":69,"column":12},"end":{"line":75,"column":15}},"33":{"start":{"line":70,"column":16},"end":{"line":70,"column":44}},"34":{"start":{"line":70,"column":25},"end":{"line":70,"column":44}},"35":{"start":{"line":71,"column":38},"end":{"line":73,"column":18}},"36":{"start":{"line":72,"column":20},"end":{"line":72,"column":111}},"37":{"start":{"line":74,"column":16},"end":{"line":74,"column":46}},"38":{"start":{"line":86,"column":0},"end":{"line":99,"column":1}},"39":{"start":{"line":87,"column":4},"end":{"line":98,"column":6}},"40":{"start":{"line":88,"column":25},"end":{"line":88,"column":56}},"41":{"start":{"line":89,"column":8},"end":{"line":97,"column":11}},"42":{"start":{"line":90,"column":12},"end":{"line":96,"column":15}},"43":{"start":{"line":91,"column":16},"end":{"line":91,"column":44}},"44":{"start":{"line":91,"column":25},"end":{"line":91,"column":44}},"45":{"start":{"line":92,"column":38},"end":{"line":94,"column":18}},"46":{"start":{"line":93,"column":20},"end":{"line":93,"column":98}},"47":{"start":{"line":95,"column":16},"end":{"line":95,"column":46}},"48":{"start":{"line":106,"column":0},"end":{"line":119,"column":1}},"49":{"start":{"line":107,"column":4},"end":{"line":118,"column":6}},"50":{"start":{"line":108,"column":25},"end":{"line":108,"column":56}},"51":{"start":{"line":109,"column":8},"end":{"line":117,"column":11}},"52":{"start":{"line":110,"column":12},"end":{"line":116,"column":15}},"53":{"start":{"line":111,"column":16},"end":{"line":111,"column":44}},"54":{"start":{"line":111,"column":25},"end":{"line":111,"column":44}},"55":{"start":{"line":112,"column":38},"end":{"line":114,"column":18}},"56":{"start":{"line":113,"column":20},"end":{"line":113,"column":98}},"57":{"start":{"line":115,"column":16},"end":{"line":115,"column":46}},"58":{"start":{"line":126,"column":0},"end":{"line":144,"column":1}},"59":{"start":{"line":127,"column":4},"end":{"line":143,"column":6}},"60":{"start":{"line":128,"column":25},"end":{"line":128,"column":56}},"61":{"start":{"line":129,"column":22},"end":{"line":129,"column":84}},"62":{"start":{"line":130,"column":8},"end":{"line":142,"column":11}},"63":{"start":{"line":132,"column":12},"end":{"line":132,"column":76}},"64":{"start":{"line":133,"column":32},"end":{"line":139,"column":13}},"65":{"start":{"line":140,"column":12},"end":{"line":140,"column":68}},"66":{"start":{"line":141,"column":12},"end":{"line":141,"column":31}},"67":{"start":{"line":151,"column":0},"end":{"line":161,"column":1}},"68":{"start":{"line":152,"column":4},"end":{"line":160,"column":7}},"69":{"start":{"line":153,"column":25},"end":{"line":153,"column":56}},"70":{"start":{"line":154,"column":23},"end":{"line":154,"column":48}},"71":{"start":{"line":155,"column":8},"end":{"line":159,"column":15}},"72":{"start":{"line":157,"column":16},"end":{"line":157,"column":77}},"73":{"start":{"line":158,"column":16},"end":{"line":158,"column":40}},"74":{"start":{"line":169,"column":0},"end":{"line":193,"column":1}},"75":{"start":{"line":170,"column":4},"end":{"line":192,"column":7}},"76":{"start":{"line":172,"column":8},"end":{"line":174,"column":9}},"77":{"start":{"line":173,"column":12},"end":{"line":173,"column":25}},"78":{"start":{"line":176,"column":25},"end":{"line":176,"column":56}},"79":{"start":{"line":177,"column":23},"end":{"line":177,"column":51}},"80":{"start":{"line":178,"column":26},"end":{"line":178,"column":28}},"81":{"start":{"line":179,"column":25},"end":{"line":179,"column":47}},"82":{"start":{"line":181,"column":8},"end":{"line":183,"column":11}},"83":{"start":{"line":182,"column":12},"end":{"line":182,"column":46}},"84":{"start":{"line":185,"column":8},"end":{"line":191,"column":15}},"85":{"start":{"line":189,"column":16},"end":{"line":189,"column":58}},"86":{"start":{"line":190,"column":16},"end":{"line":190,"column":34}},"87":{"start":{"line":201,"column":0},"end":{"line":214,"column":1}},"88":{"start":{"line":202,"column":4},"end":{"line":213,"column":7}},"89":{"start":{"line":203,"column":25},"end":{"line":203,"column":56}},"90":{"start":{"line":204,"column":23},"end":{"line":204,"column":51}},"91":{"start":{"line":205,"column":38},"end":{"line":205,"column":63}},"92":{"start":{"line":206,"column":8},"end":{"line":212,"column":15}},"93":{"start":{"line":210,"column":16},"end":{"line":210,"column":61}},"94":{"start":{"line":211,"column":16},"end":{"line":211,"column":37}},"95":{"start":{"line":219,"column":0},"end":{"line":229,"column":1}},"96":{"start":{"line":220,"column":4},"end":{"line":228,"column":6}},"97":{"start":{"line":221,"column":25},"end":{"line":221,"column":56}},"98":{"start":{"line":222,"column":8},"end":{"line":227,"column":10}},"99":{"start":{"line":223,"column":12},"end":{"line":226,"column":14}},"100":{"start":{"line":224,"column":16},"end":{"line":224,"column":43}},"101":{"start":{"line":224,"column":25},"end":{"line":224,"column":43}},"102":{"start":{"line":225,"column":16},"end":{"line":225,"column":37}}},"fnMap":{"0":{"name":"connectDb","decl":{"start":{"line":20,"column":29},"end":{"line":20,"column":38}},"loc":{"start":{"line":20,"column":42},"end":{"line":30,"column":1}},"line":20},"1":{"name":"(anonymous_1)","decl":{"start":{"line":21,"column":23},"end":{"line":21,"column":24}},"loc":{"start":{"line":21,"column":44},"end":{"line":29,"column":5}},"line":21},"2":{"name":"(anonymous_2)","decl":{"start":{"line":23,"column":39},"end":{"line":23,"column":40}},"loc":{"start":{"line":23,"column":53},"end":{"line":28,"column":9}},"line":23},"3":{"name":"read","decl":{"start":{"line":37,"column":24},"end":{"line":37,"column":28}},"loc":{"start":{"line":37,"column":34},"end":{"line":53,"column":1}},"line":37},"4":{"name":"(anonymous_4)","decl":{"start":{"line":38,"column":36},"end":{"line":38,"column":37}},"loc":{"start":{"line":38,"column":43},"end":{"line":52,"column":5}},"line":38},"5":{"name":"(anonymous_5)","decl":{"start":{"line":42,"column":18},"end":{"line":42,"column":19}},"loc":{"start":{"line":42,"column":25},"end":{"line":51,"column":13}},"line":42},"6":{"name":"readUserQuizzes","decl":{"start":{"line":61,"column":35},"end":{"line":61,"column":50}},"loc":{"start":{"line":61,"column":59},"end":{"line":78,"column":1}},"line":61},"7":{"name":"(anonymous_7)","decl":{"start":{"line":62,"column":36},"end":{"line":62,"column":37}},"loc":{"start":{"line":62,"column":43},"end":{"line":77,"column":5}},"line":62},"8":{"name":"(anonymous_8)","decl":{"start":{"line":68,"column":27},"end":{"line":68,"column":28}},"loc":{"start":{"line":68,"column":48},"end":{"line":76,"column":9}},"line":68},"9":{"name":"(anonymous_9)","decl":{"start":{"line":69,"column":63},"end":{"line":69,"column":64}},"loc":{"start":{"line":69,"column":78},"end":{"line":75,"column":13}},"line":69},"10":{"name":"(anonymous_10)","decl":{"start":{"line":71,"column":47},"end":{"line":71,"column":48}},"loc":{"start":{"line":71,"column":55},"end":{"line":73,"column":17}},"line":71},"11":{"name":"readAll","decl":{"start":{"line":86,"column":27},"end":{"line":86,"column":34}},"loc":{"start":{"line":86,"column":37},"end":{"line":99,"column":1}},"line":86},"12":{"name":"(anonymous_12)","decl":{"start":{"line":87,"column":36},"end":{"line":87,"column":37}},"loc":{"start":{"line":87,"column":43},"end":{"line":98,"column":5}},"line":87},"13":{"name":"(anonymous_13)","decl":{"start":{"line":89,"column":27},"end":{"line":89,"column":28}},"loc":{"start":{"line":89,"column":48},"end":{"line":97,"column":9}},"line":89},"14":{"name":"(anonymous_14)","decl":{"start":{"line":90,"column":45},"end":{"line":90,"column":46}},"loc":{"start":{"line":90,"column":60},"end":{"line":96,"column":13}},"line":90},"15":{"name":"(anonymous_15)","decl":{"start":{"line":92,"column":47},"end":{"line":92,"column":48}},"loc":{"start":{"line":92,"column":55},"end":{"line":94,"column":17}},"line":92},"16":{"name":"readPopular","decl":{"start":{"line":106,"column":31},"end":{"line":106,"column":42}},"loc":{"start":{"line":106,"column":45},"end":{"line":119,"column":1}},"line":106},"17":{"name":"(anonymous_17)","decl":{"start":{"line":107,"column":36},"end":{"line":107,"column":37}},"loc":{"start":{"line":107,"column":43},"end":{"line":118,"column":5}},"line":107},"18":{"name":"(anonymous_18)","decl":{"start":{"line":109,"column":27},"end":{"line":109,"column":28}},"loc":{"start":{"line":109,"column":48},"end":{"line":117,"column":9}},"line":109},"19":{"name":"(anonymous_19)","decl":{"start":{"line":110,"column":78},"end":{"line":110,"column":79}},"loc":{"start":{"line":110,"column":93},"end":{"line":116,"column":13}},"line":110},"20":{"name":"(anonymous_20)","decl":{"start":{"line":112,"column":47},"end":{"line":112,"column":48}},"loc":{"start":{"line":112,"column":55},"end":{"line":114,"column":17}},"line":112},"21":{"name":"create","decl":{"start":{"line":126,"column":26},"end":{"line":126,"column":32}},"loc":{"start":{"line":126,"column":47},"end":{"line":144,"column":1}},"line":126},"22":{"name":"(anonymous_22)","decl":{"start":{"line":127,"column":36},"end":{"line":127,"column":37}},"loc":{"start":{"line":127,"column":43},"end":{"line":143,"column":5}},"line":127},"23":{"name":"(anonymous_23)","decl":{"start":{"line":131,"column":18},"end":{"line":131,"column":19}},"loc":{"start":{"line":131,"column":29},"end":{"line":142,"column":9}},"line":131},"24":{"name":"destroy","decl":{"start":{"line":151,"column":27},"end":{"line":151,"column":34}},"loc":{"start":{"line":151,"column":40},"end":{"line":161,"column":1}},"line":151},"25":{"name":"(anonymous_25)","decl":{"start":{"line":152,"column":37},"end":{"line":152,"column":38}},"loc":{"start":{"line":152,"column":44},"end":{"line":160,"column":5}},"line":152},"26":{"name":"(anonymous_26)","decl":{"start":{"line":156,"column":18},"end":{"line":156,"column":19}},"loc":{"start":{"line":156,"column":32},"end":{"line":159,"column":13}},"line":156},"27":{"name":"update","decl":{"start":{"line":169,"column":26},"end":{"line":169,"column":32}},"loc":{"start":{"line":169,"column":52},"end":{"line":193,"column":1}},"line":169},"28":{"name":"(anonymous_28)","decl":{"start":{"line":170,"column":36},"end":{"line":170,"column":37}},"loc":{"start":{"line":170,"column":43},"end":{"line":192,"column":5}},"line":170},"29":{"name":"(anonymous_29)","decl":{"start":{"line":181,"column":27},"end":{"line":181,"column":28}},"loc":{"start":{"line":181,"column":36},"end":{"line":183,"column":9}},"line":181},"30":{"name":"(anonymous_30)","decl":{"start":{"line":188,"column":18},"end":{"line":188,"column":19}},"loc":{"start":{"line":188,"column":26},"end":{"line":191,"column":13}},"line":188},"31":{"name":"updateFavorites","decl":{"start":{"line":201,"column":35},"end":{"line":201,"column":50}},"loc":{"start":{"line":201,"column":76},"end":{"line":214,"column":1}},"line":201},"32":{"name":"(anonymous_32)","decl":{"start":{"line":202,"column":36},"end":{"line":202,"column":37}},"loc":{"start":{"line":202,"column":43},"end":{"line":213,"column":5}},"line":202},"33":{"name":"(anonymous_33)","decl":{"start":{"line":209,"column":18},"end":{"line":209,"column":19}},"loc":{"start":{"line":209,"column":29},"end":{"line":212,"column":13}},"line":209},"34":{"name":"count","decl":{"start":{"line":219,"column":25},"end":{"line":219,"column":30}},"loc":{"start":{"line":219,"column":33},"end":{"line":229,"column":1}},"line":219},"35":{"name":"(anonymous_35)","decl":{"start":{"line":220,"column":36},"end":{"line":220,"column":37}},"loc":{"start":{"line":220,"column":43},"end":{"line":228,"column":5}},"line":220},"36":{"name":"(anonymous_36)","decl":{"start":{"line":222,"column":27},"end":{"line":222,"column":28}},"loc":{"start":{"line":222,"column":48},"end":{"line":227,"column":9}},"line":222},"37":{"name":"(anonymous_37)","decl":{"start":{"line":223,"column":33},"end":{"line":223,"column":34}},"loc":{"start":{"line":223,"column":49},"end":{"line":226,"column":13}},"line":223}},"branchMap":{"0":{"loc":{"start":{"line":22,"column":8},"end":{"line":22,"column":34}},"type":"if","locations":[{"start":{"line":22,"column":8},"end":{"line":22,"column":34}},{"start":{"line":22,"column":8},"end":{"line":22,"column":34}}],"line":22},"1":{"loc":{"start":{"line":24,"column":12},"end":{"line":24,"column":39}},"type":"if","locations":[{"start":{"line":24,"column":12},"end":{"line":24,"column":39}},{"start":{"line":24,"column":12},"end":{"line":24,"column":39}}],"line":24},"2":{"loc":{"start":{"line":70,"column":16},"end":{"line":70,"column":44}},"type":"if","locations":[{"start":{"line":70,"column":16},"end":{"line":70,"column":44}},{"start":{"line":70,"column":16},"end":{"line":70,"column":44}}],"line":70},"3":{"loc":{"start":{"line":91,"column":16},"end":{"line":91,"column":44}},"type":"if","locations":[{"start":{"line":91,"column":16},"end":{"line":91,"column":44}},{"start":{"line":91,"column":16},"end":{"line":91,"column":44}}],"line":91},"4":{"loc":{"start":{"line":111,"column":16},"end":{"line":111,"column":44}},"type":"if","locations":[{"start":{"line":111,"column":16},"end":{"line":111,"column":44}},{"start":{"line":111,"column":16},"end":{"line":111,"column":44}}],"line":111},"5":{"loc":{"start":{"line":172,"column":8},"end":{"line":174,"column":9}},"type":"if","locations":[{"start":{"line":172,"column":8},"end":{"line":174,"column":9}},{"start":{"line":172,"column":8},"end":{"line":174,"column":9}}],"line":172},"6":{"loc":{"start":{"line":172,"column":12},"end":{"line":172,"column":84}},"type":"binary-expr","locations":[{"start":{"line":172,"column":12},"end":{"line":172,"column":49}},{"start":{"line":172,"column":53},"end":{"line":172,"column":84}}],"line":172},"7":{"loc":{"start":{"line":224,"column":16},"end":{"line":224,"column":43}},"type":"if","locations":[{"start":{"line":224,"column":16},"end":{"line":224,"column":43}},{"start":{"line":224,"column":16},"end":{"line":224,"column":43}}],"line":224}},"s":{"0":2,"1":2,"2":2,"3":2,"4":2,"5":2,"6":2,"7":2,"8":2,"9":2,"10":2,"11":8,"12":8,"13":7,"14":1,"15":1,"16":0,"17":1,"18":1,"19":1,"20":2,"21":1,"22":1,"23":1,"24":1,"25":1,"26":1,"27":1,"28":2,"29":1,"30":1,"31":1,"32":1,"33":1,"34":0,"35":1,"36":47,"37":1,"38":2,"39":1,"40":1,"41":1,"42":1,"43":1,"44":0,"45":1,"46":80,"47":1,"48":2,"49":0,"50":0,"51":0,"52":0,"53":0,"54":0,"55":0,"56":0,"57":0,"58":2,"59":1,"60":1,"61":1,"62":1,"63":1,"64":1,"65":1,"66":1,"67":2,"68":1,"69":1,"70":1,"71":1,"72":1,"73":1,"74":2,"75":1,"76":1,"77":0,"78":1,"79":1,"80":1,"81":1,"82":1,"83":2,"84":1,"85":1,"86":1,"87":2,"88":1,"89":1,"90":1,"91":1,"92":1,"93":1,"94":1,"95":2,"96":1,"97":1,"98":1,"99":1,"100":1,"101":0,"102":1},"f":{"0":8,"1":8,"2":1,"3":1,"4":1,"5":1,"6":1,"7":1,"8":1,"9":1,"10":47,"11":1,"12":1,"13":1,"14":1,"15":80,"16":0,"17":0,"18":0,"19":0,"20":0,"21":1,"22":1,"23":1,"24":1,"25":1,"26":1,"27":1,"28":1,"29":2,"30":1,"31":1,"32":1,"33":1,"34":1,"35":1,"36":1,"37":1},"b":{"0":[7,1],"1":[0,1],"2":[0,1],"3":[0,1],"4":[0,0],"5":[0,1],"6":[1,1],"7":[0,1]},"_coverageSchema":"332fd63041d2c1bcb487cc26dd0d5f7d97098a6c","hash":"ca96b70cdce065202b540b3d37847122951322eb"}
,"/Users/Kevgumba/Desktop/Programming/chingu/quizApp/Bears-Team-0/models/user/User.js": {"path":"/Users/Kevgumba/Desktop/Programming/chingu/quizApp/Bears-Team-0/models/user/User.js","statementMap":{"0":{"start":{"line":1,"column":15},"end":{"line":1,"column":32}},"1":{"start":{"line":2,"column":14},"end":{"line":2,"column":42}},"2":{"start":{"line":3,"column":14},"end":{"line":3,"column":43}},"3":{"start":{"line":5,"column":0},"end":{"line":16,"column":1}},"4":{"start":{"line":7,"column":4},"end":{"line":7,"column":24}},"5":{"start":{"line":8,"column":4},"end":{"line":8,"column":42}},"6":{"start":{"line":9,"column":4},"end":{"line":14,"column":36}}},"fnMap":{"0":{"name":"(anonymous_0)","decl":{"start":{"line":6,"column":2},"end":{"line":6,"column":3}},"loc":{"start":{"line":6,"column":23},"end":{"line":15,"column":3}},"line":6}},"branchMap":{},"s":{"0":2,"1":2,"2":2,"3":2,"4":0,"5":0,"6":0},"f":{"0":0},"b":{},"_coverageSchema":"332fd63041d2c1bcb487cc26dd0d5f7d97098a6c","hash":"d63d472ea76b8aa45678bca48c1181813696903f"}
,"/Users/Kevgumba/Desktop/Programming/chingu/quizApp/Bears-Team-0/models/user/mongodb_user.js": {"path":"/Users/Kevgumba/Desktop/Programming/chingu/quizApp/Bears-Team-0/models/user/mongodb_user.js","statementMap":{"0":{"start":{"line":1,"column":22},"end":{"line":1,"column":40}},"1":{"start":{"line":2,"column":22},"end":{"line":2,"column":52}},"2":{"start":{"line":3,"column":22},"end":{"line":3,"column":37}},"3":{"start":{"line":4,"column":22},"end":{"line":4,"column":45}},"4":{"start":{"line":5,"column":22},"end":{"line":5,"column":39}},"5":{"start":{"line":7,"column":14},"end":{"line":7,"column":50}},"6":{"start":{"line":8,"column":14},"end":{"line":8,"column":43}},"7":{"start":{"line":12,"column":26},"end":{"line":12,"column":48}},"8":{"start":{"line":13,"column":26},"end":{"line":13,"column":51}},"9":{"start":{"line":14,"column":26},"end":{"line":14,"column":33}},"10":{"start":{"line":20,"column":0},"end":{"line":30,"column":1}},"11":{"start":{"line":21,"column":4},"end":{"line":29,"column":6}},"12":{"start":{"line":22,"column":8},"end":{"line":22,"column":34}},"13":{"start":{"line":22,"column":16},"end":{"line":22,"column":34}},"14":{"start":{"line":23,"column":8},"end":{"line":28,"column":10}},"15":{"start":{"line":24,"column":12},"end":{"line":24,"column":39}},"16":{"start":{"line":24,"column":21},"end":{"line":24,"column":39}},"17":{"start":{"line":25,"column":12},"end":{"line":25,"column":38}},"18":{"start":{"line":26,"column":12},"end":{"line":26,"column":67}},"19":{"start":{"line":27,"column":12},"end":{"line":27,"column":23}},"20":{"start":{"line":36,"column":0},"end":{"line":57,"column":1}},"21":{"start":{"line":37,"column":4},"end":{"line":56,"column":6}},"22":{"start":{"line":38,"column":25},"end":{"line":38,"column":56}},"23":{"start":{"line":40,"column":8},"end":{"line":55,"column":14}},"24":{"start":{"line":42,"column":16},"end":{"line":42,"column":42}},"25":{"start":{"line":42,"column":26},"end":{"line":42,"column":42}},"26":{"start":{"line":43,"column":29},"end":{"line":52,"column":18}},"27":{"start":{"line":53,"column":16},"end":{"line":53,"column":54}},"28":{"start":{"line":54,"column":16},"end":{"line":54,"column":27}},"29":{"start":{"line":63,"column":0},"end":{"line":94,"column":1}},"30":{"start":{"line":64,"column":4},"end":{"line":93,"column":6}},"31":{"start":{"line":65,"column":25},"end":{"line":65,"column":56}},"32":{"start":{"line":66,"column":22},"end":{"line":75,"column":10}},"33":{"start":{"line":76,"column":8},"end":{"line":76,"column":56}},"34":{"start":{"line":77,"column":8},"end":{"line":91,"column":10}},"35":{"start":{"line":78,"column":12},"end":{"line":78,"column":54}},"36":{"start":{"line":79,"column":32},"end":{"line":88,"column":14}},"37":{"start":{"line":89,"column":12},"end":{"line":89,"column":67}},"38":{"start":{"line":90,"column":12},"end":{"line":90,"column":30}},"39":{"start":{"line":100,"column":0},"end":{"line":122,"column":1}},"40":{"start":{"line":101,"column":4},"end":{"line":121,"column":6}},"41":{"start":{"line":102,"column":25},"end":{"line":102,"column":56}},"42":{"start":{"line":103,"column":8},"end":{"line":120,"column":10}},"43":{"start":{"line":104,"column":12},"end":{"line":119,"column":14}},"44":{"start":{"line":105,"column":16},"end":{"line":105,"column":43}},"45":{"start":{"line":105,"column":25},"end":{"line":105,"column":43}},"46":{"start":{"line":106,"column":36},"end":{"line":117,"column":18}},"47":{"start":{"line":107,"column":20},"end":{"line":116,"column":22}},"48":{"start":{"line":118,"column":16},"end":{"line":118,"column":43}},"49":{"start":{"line":129,"column":0},"end":{"line":147,"column":1}},"50":{"start":{"line":130,"column":4},"end":{"line":146,"column":7}},"51":{"start":{"line":131,"column":25},"end":{"line":131,"column":56}},"52":{"start":{"line":132,"column":23},"end":{"line":132,"column":48}},"53":{"start":{"line":133,"column":8},"end":{"line":145,"column":11}},"54":{"start":{"line":134,"column":12},"end":{"line":134,"column":56}},"55":{"start":{"line":135,"column":12},"end":{"line":144,"column":14}},"56":{"start":{"line":154,"column":0},"end":{"line":163,"column":1}},"57":{"start":{"line":155,"column":4},"end":{"line":162,"column":6}},"58":{"start":{"line":156,"column":25},"end":{"line":156,"column":56}},"59":{"start":{"line":157,"column":23},"end":{"line":157,"column":48}},"60":{"start":{"line":158,"column":8},"end":{"line":161,"column":10}},"61":{"start":{"line":159,"column":12},"end":{"line":159,"column":72}},"62":{"start":{"line":160,"column":12},"end":{"line":160,"column":35}},"63":{"start":{"line":167,"column":0},"end":{"line":177,"column":1}},"64":{"start":{"line":168,"column":4},"end":{"line":176,"column":6}},"65":{"start":{"line":169,"column":25},"end":{"line":169,"column":56}},"66":{"start":{"line":170,"column":8},"end":{"line":175,"column":10}},"67":{"start":{"line":171,"column":12},"end":{"line":174,"column":14}},"68":{"start":{"line":172,"column":16},"end":{"line":172,"column":43}},"69":{"start":{"line":172,"column":25},"end":{"line":172,"column":43}},"70":{"start":{"line":173,"column":16},"end":{"line":173,"column":37}},"71":{"start":{"line":179,"column":0},"end":{"line":188,"column":1}},"72":{"start":{"line":180,"column":4},"end":{"line":187,"column":6}},"73":{"start":{"line":181,"column":8},"end":{"line":184,"column":9}},"74":{"start":{"line":182,"column":12},"end":{"line":182,"column":65}},"75":{"start":{"line":183,"column":12},"end":{"line":183,"column":24}},"76":{"start":{"line":185,"column":8},"end":{"line":185,"column":55}},"77":{"start":{"line":186,"column":8},"end":{"line":186,"column":38}}},"fnMap":{"0":{"name":"connectDb","decl":{"start":{"line":20,"column":29},"end":{"line":20,"column":38}},"loc":{"start":{"line":20,"column":42},"end":{"line":30,"column":1}},"line":20},"1":{"name":"(anonymous_1)","decl":{"start":{"line":21,"column":23},"end":{"line":21,"column":24}},"loc":{"start":{"line":21,"column":44},"end":{"line":29,"column":5}},"line":21},"2":{"name":"(anonymous_2)","decl":{"start":{"line":23,"column":39},"end":{"line":23,"column":40}},"loc":{"start":{"line":23,"column":53},"end":{"line":28,"column":9}},"line":23},"3":{"name":"read","decl":{"start":{"line":36,"column":24},"end":{"line":36,"column":28}},"loc":{"start":{"line":36,"column":34},"end":{"line":57,"column":1}},"line":36},"4":{"name":"(anonymous_4)","decl":{"start":{"line":37,"column":36},"end":{"line":37,"column":37}},"loc":{"start":{"line":37,"column":43},"end":{"line":56,"column":5}},"line":37},"5":{"name":"(anonymous_5)","decl":{"start":{"line":41,"column":18},"end":{"line":41,"column":19}},"loc":{"start":{"line":41,"column":25},"end":{"line":55,"column":13}},"line":41},"6":{"name":"create","decl":{"start":{"line":63,"column":26},"end":{"line":63,"column":32}},"loc":{"start":{"line":63,"column":39},"end":{"line":94,"column":1}},"line":63},"7":{"name":"(anonymous_7)","decl":{"start":{"line":64,"column":36},"end":{"line":64,"column":37}},"loc":{"start":{"line":64,"column":43},"end":{"line":93,"column":5}},"line":64},"8":{"name":"(anonymous_8)","decl":{"start":{"line":77,"column":50},"end":{"line":77,"column":51}},"loc":{"start":{"line":77,"column":61},"end":{"line":91,"column":9}},"line":77},"9":{"name":"readAll","decl":{"start":{"line":100,"column":27},"end":{"line":100,"column":34}},"loc":{"start":{"line":100,"column":37},"end":{"line":122,"column":1}},"line":100},"10":{"name":"(anonymous_10)","decl":{"start":{"line":101,"column":36},"end":{"line":101,"column":37}},"loc":{"start":{"line":101,"column":43},"end":{"line":121,"column":5}},"line":101},"11":{"name":"(anonymous_11)","decl":{"start":{"line":103,"column":27},"end":{"line":103,"column":28}},"loc":{"start":{"line":103,"column":48},"end":{"line":120,"column":9}},"line":103},"12":{"name":"(anonymous_12)","decl":{"start":{"line":104,"column":45},"end":{"line":104,"column":46}},"loc":{"start":{"line":104,"column":60},"end":{"line":119,"column":13}},"line":104},"13":{"name":"(anonymous_13)","decl":{"start":{"line":106,"column":45},"end":{"line":106,"column":46}},"loc":{"start":{"line":106,"column":53},"end":{"line":117,"column":17}},"line":106},"14":{"name":"update","decl":{"start":{"line":129,"column":26},"end":{"line":129,"column":32}},"loc":{"start":{"line":129,"column":49},"end":{"line":147,"column":1}},"line":129},"15":{"name":"(anonymous_15)","decl":{"start":{"line":130,"column":36},"end":{"line":130,"column":37}},"loc":{"start":{"line":130,"column":43},"end":{"line":146,"column":5}},"line":130},"16":{"name":"(anonymous_16)","decl":{"start":{"line":133,"column":88},"end":{"line":133,"column":89}},"loc":{"start":{"line":133,"column":98},"end":{"line":145,"column":10}},"line":133},"17":{"name":"destroy","decl":{"start":{"line":154,"column":27},"end":{"line":154,"column":34}},"loc":{"start":{"line":154,"column":40},"end":{"line":163,"column":1}},"line":154},"18":{"name":"(anonymous_18)","decl":{"start":{"line":155,"column":36},"end":{"line":155,"column":37}},"loc":{"start":{"line":155,"column":43},"end":{"line":162,"column":5}},"line":155},"19":{"name":"(anonymous_19)","decl":{"start":{"line":158,"column":67},"end":{"line":158,"column":68}},"loc":{"start":{"line":158,"column":81},"end":{"line":161,"column":9}},"line":158},"20":{"name":"count","decl":{"start":{"line":167,"column":25},"end":{"line":167,"column":30}},"loc":{"start":{"line":167,"column":33},"end":{"line":177,"column":1}},"line":167},"21":{"name":"(anonymous_21)","decl":{"start":{"line":168,"column":36},"end":{"line":168,"column":37}},"loc":{"start":{"line":168,"column":43},"end":{"line":176,"column":5}},"line":168},"22":{"name":"(anonymous_22)","decl":{"start":{"line":170,"column":27},"end":{"line":170,"column":28}},"loc":{"start":{"line":170,"column":48},"end":{"line":175,"column":9}},"line":170},"23":{"name":"(anonymous_23)","decl":{"start":{"line":171,"column":33},"end":{"line":171,"column":34}},"loc":{"start":{"line":171,"column":49},"end":{"line":174,"column":13}},"line":171},"24":{"name":"findOrCreate","decl":{"start":{"line":179,"column":32},"end":{"line":179,"column":44}},"loc":{"start":{"line":179,"column":54},"end":{"line":188,"column":1}},"line":179},"25":{"name":"(anonymous_25)","decl":{"start":{"line":180,"column":41},"end":{"line":180,"column":42}},"loc":{"start":{"line":180,"column":49},"end":{"line":187,"column":5}},"line":180}},"branchMap":{"0":{"loc":{"start":{"line":22,"column":8},"end":{"line":22,"column":34}},"type":"if","locations":[{"start":{"line":22,"column":8},"end":{"line":22,"column":34}},{"start":{"line":22,"column":8},"end":{"line":22,"column":34}}],"line":22},"1":{"loc":{"start":{"line":24,"column":12},"end":{"line":24,"column":39}},"type":"if","locations":[{"start":{"line":24,"column":12},"end":{"line":24,"column":39}},{"start":{"line":24,"column":12},"end":{"line":24,"column":39}}],"line":24},"2":{"loc":{"start":{"line":42,"column":16},"end":{"line":42,"column":42}},"type":"if","locations":[{"start":{"line":42,"column":16},"end":{"line":42,"column":42}},{"start":{"line":42,"column":16},"end":{"line":42,"column":42}}],"line":42},"3":{"loc":{"start":{"line":105,"column":16},"end":{"line":105,"column":43}},"type":"if","locations":[{"start":{"line":105,"column":16},"end":{"line":105,"column":43}},{"start":{"line":105,"column":16},"end":{"line":105,"column":43}}],"line":105},"4":{"loc":{"start":{"line":172,"column":16},"end":{"line":172,"column":43}},"type":"if","locations":[{"start":{"line":172,"column":16},"end":{"line":172,"column":43}},{"start":{"line":172,"column":16},"end":{"line":172,"column":43}}],"line":172},"5":{"loc":{"start":{"line":181,"column":8},"end":{"line":184,"column":9}},"type":"if","locations":[{"start":{"line":181,"column":8},"end":{"line":184,"column":9}},{"start":{"line":181,"column":8},"end":{"line":184,"column":9}}],"line":181}},"s":{"0":2,"1":2,"2":2,"3":2,"4":2,"5":2,"6":2,"7":2,"8":2,"9":2,"10":2,"11":1,"12":1,"13":0,"14":1,"15":1,"16":0,"17":1,"18":1,"19":1,"20":2,"21":0,"22":0,"23":0,"24":0,"25":0,"26":0,"27":0,"28":0,"29":2,"30":0,"31":0,"32":0,"33":0,"34":0,"35":0,"36":0,"37":0,"38":0,"39":2,"40":0,"41":0,"42":0,"43":0,"44":0,"45":0,"46":0,"47":0,"48":0,"49":2,"50":0,"51":0,"52":0,"53":0,"54":0,"55":0,"56":2,"57":0,"58":0,"59":0,"60":0,"61":0,"62":0,"63":2,"64":1,"65":1,"66":1,"67":1,"68":1,"69":0,"70":1,"71":2,"72":0,"73":0,"74":0,"75":0,"76":0,"77":0},"f":{"0":1,"1":1,"2":1,"3":0,"4":0,"5":0,"6":0,"7":0,"8":0,"9":0,"10":0,"11":0,"12":0,"13":0,"14":0,"15":0,"16":0,"17":0,"18":0,"19":0,"20":1,"21":1,"22":1,"23":1,"24":0,"25":0},"b":{"0":[0,1],"1":[0,1],"2":[0,0],"3":[0,0],"4":[0,1],"5":[0,0]},"_coverageSchema":"332fd63041d2c1bcb487cc26dd0d5f7d97098a6c","hash":"bcf8e53d81df46302d44a40c0c574fd90fbe375b"}
,"/Users/Kevgumba/Desktop/Programming/chingu/quizApp/Bears-Team-0/routes/index.js": {"path":"/Users/Kevgumba/Desktop/Programming/chingu/quizApp/Bears-Team-0/routes/index.js","statementMap":{"0":{"start":{"line":1,"column":20},"end":{"line":1,"column":38}},"1":{"start":{"line":2,"column":20},"end":{"line":2,"column":36}},"2":{"start":{"line":3,"column":20},"end":{"line":3,"column":44}},"3":{"start":{"line":4,"column":20},"end":{"line":4,"column":44}},"4":{"start":{"line":6,"column":0},"end":{"line":6,"column":35}},"5":{"start":{"line":7,"column":0},"end":{"line":7,"column":33}},"6":{"start":{"line":9,"column":0},"end":{"line":9,"column":24}}},"fnMap":{},"branchMap":{},"s":{"0":2,"1":2,"2":2,"3":2,"4":2,"5":2,"6":2},"f":{},"b":{},"_coverageSchema":"332fd63041d2c1bcb487cc26dd0d5f7d97098a6c","hash":"7c8010172da7f5f497cd476d2b9e2612af39fa6f"}
,"/Users/Kevgumba/Desktop/Programming/chingu/quizApp/Bears-Team-0/routes/quiz_routes.js": {"path":"/Users/Kevgumba/Desktop/Programming/chingu/quizApp/Bears-Team-0/routes/quiz_routes.js","statementMap":{"0":{"start":{"line":1,"column":24},"end":{"line":1,"column":42}},"1":{"start":{"line":2,"column":24},"end":{"line":2,"column":40}},"2":{"start":{"line":3,"column":24},"end":{"line":3,"column":65}},"3":{"start":{"line":8,"column":0},"end":{"line":8,"column":54}},"4":{"start":{"line":13,"column":0},"end":{"line":13,"column":54}},"5":{"start":{"line":17,"column":0},"end":{"line":17,"column":62}},"6":{"start":{"line":22,"column":0},"end":{"line":22,"column":64}},"7":{"start":{"line":31,"column":0},"end":{"line":31,"column":48}},"8":{"start":{"line":35,"column":0},"end":{"line":35,"column":48}},"9":{"start":{"line":39,"column":0},"end":{"line":39,"column":50}},"10":{"start":{"line":43,"column":0},"end":{"line":43,"column":61}},"11":{"start":{"line":48,"column":0},"end":{"line":48,"column":53}},"12":{"start":{"line":50,"column":0},"end":{"line":50,"column":27}}},"fnMap":{},"branchMap":{},"s":{"0":2,"1":2,"2":2,"3":2,"4":2,"5":2,"6":2,"7":2,"8":2,"9":2,"10":2,"11":2,"12":2},"f":{},"b":{},"_coverageSchema":"332fd63041d2c1bcb487cc26dd0d5f7d97098a6c","hash":"5cf8356fb35b87cda4971f4608761f4c7717f559"}
,"/Users/Kevgumba/Desktop/Programming/chingu/quizApp/Bears-Team-0/routes/user_routes.js": {"path":"/Users/Kevgumba/Desktop/Programming/chingu/quizApp/Bears-Team-0/routes/user_routes.js","statementMap":{"0":{"start":{"line":1,"column":24},"end":{"line":1,"column":42}},"1":{"start":{"line":2,"column":24},"end":{"line":2,"column":40}},"2":{"start":{"line":3,"column":24},"end":{"line":3,"column":65}},"3":{"start":{"line":5,"column":13},"end":{"line":5,"column":31}},"4":{"start":{"line":9,"column":0},"end":{"line":9,"column":54}},"5":{"start":{"line":13,"column":0},"end":{"line":13,"column":64}},"6":{"start":{"line":22,"column":0},"end":{"line":22,"column":48}},"7":{"start":{"line":26,"column":0},"end":{"line":26,"column":48}},"8":{"start":{"line":30,"column":0},"end":{"line":30,"column":50}},"9":{"start":{"line":34,"column":0},"end":{"line":34,"column":53}},"10":{"start":{"line":36,"column":0},"end":{"line":36,"column":27}}},"fnMap":{},"branchMap":{},"s":{"0":2,"1":2,"2":2,"3":2,"4":2,"5":2,"6":2,"7":2,"8":2,"9":2,"10":2},"f":{},"b":{},"_coverageSchema":"332fd63041d2c1bcb487cc26dd0d5f7d97098a6c","hash":"dd42c8bcb6f5feab3ad788f3de9b0057264ee2fc"}
}
