TN:
SF:/Users/Kevgumba/Desktop/Programming/chingu/quizApp/Bears-Team-0/server.js
FN:33,(anonymous_0)
FNF:1
FNH:0
FNDA:0,(anonymous_0)
DA:1,2
DA:2,2
DA:3,2
DA:4,2
DA:5,2
DA:7,2
DA:8,2
DA:10,2
DA:11,2
DA:13,2
DA:17,2
DA:18,2
DA:19,2
DA:20,2
DA:24,2
DA:28,2
DA:29,2
DA:33,2
DA:34,0
DA:36,0
DA:39,2
LF:21
LH:19
BRDA:34,0,0,0
BRDA:34,0,1,0
BRDA:36,1,0,0
BRDA:36,1,1,0
BRF:4
BRH:0
end_of_record
TN:
SF:/Users/Kevgumba/Desktop/Programming/chingu/quizApp/Bears-Team-0/auth/index.js
FN:19,(anonymous_0)
FN:34,jwtCheck
FN:37,(anonymous_2)
FN:48,(anonymous_3)
FN:58,(anonymous_4)
FN:71,(anonymous_5)
FN:74,(anonymous_6)
FNF:7
FNH:1
FNDA:0,(anonymous_0)
FNDA:0,jwtCheck
FNDA:0,(anonymous_2)
FNDA:2,(anonymous_3)
FNDA:0,(anonymous_4)
FNDA:0,(anonymous_5)
FNDA:0,(anonymous_6)
DA:1,2
DA:2,2
DA:3,2
DA:4,2
DA:5,2
DA:6,2
DA:7,2
DA:8,2
DA:10,2
DA:11,2
DA:13,2
DA:16,2
DA:21,0
DA:22,0
DA:24,0
DA:32,2
DA:34,2
DA:35,0
DA:36,0
DA:37,0
DA:38,0
DA:39,0
DA:40,0
DA:43,0
DA:44,0
DA:48,2
DA:49,2
DA:53,2
DA:59,0
DA:69,0
DA:71,0
DA:72,0
DA:73,0
DA:75,0
DA:76,0
LF:35
LH:17
BRDA:35,0,0,0
BRDA:35,0,1,0
BRDA:35,1,0,0
BRDA:35,1,1,0
BRDA:35,1,2,0
BRDA:38,2,0,0
BRDA:38,2,1,0
BRF:7
BRH:0
end_of_record
TN:
SF:/Users/Kevgumba/Desktop/Programming/chingu/quizApp/Bears-Team-0/config/dev.js
FNF:0
FNH:0
DA:1,2
LF:1
LH:1
BRF:0
BRH:0
end_of_record
TN:
SF:/Users/Kevgumba/Desktop/Programming/chingu/quizApp/Bears-Team-0/config/index.js
FNF:0
FNH:0
DA:2,2
DA:3,0
DA:5,2
LF:3
LH:2
BRDA:2,0,0,0
BRDA:2,0,1,2
BRF:2
BRH:1
end_of_record
TN:
SF:/Users/Kevgumba/Desktop/Programming/chingu/quizApp/Bears-Team-0/controllers/quiz_controller.js
FN:10,(anonymous_0)
FN:12,(anonymous_1)
FN:16,(anonymous_2)
FN:22,(anonymous_3)
FN:24,(anonymous_4)
FN:27,(anonymous_5)
FN:33,(anonymous_6)
FN:35,(anonymous_7)
FN:38,(anonymous_8)
FN:44,(anonymous_9)
FN:46,(anonymous_10)
FN:49,(anonymous_11)
FN:55,(anonymous_12)
FN:57,(anonymous_13)
FN:60,(anonymous_14)
FN:67,(anonymous_15)
FN:68,(anonymous_16)
FN:71,(anonymous_17)
FN:77,(anonymous_18)
FN:79,(anonymous_19)
FN:82,(anonymous_20)
FN:88,(anonymous_21)
FN:90,(anonymous_22)
FN:92,(anonymous_23)
FN:99,(anonymous_24)
FN:101,(anonymous_25)
FN:103,(anonymous_26)
FNF:27
FNH:16
FNDA:1,(anonymous_0)
FNDA:1,(anonymous_1)
FNDA:0,(anonymous_2)
FNDA:1,(anonymous_3)
FNDA:1,(anonymous_4)
FNDA:0,(anonymous_5)
FNDA:0,(anonymous_6)
FNDA:0,(anonymous_7)
FNDA:0,(anonymous_8)
FNDA:1,(anonymous_9)
FNDA:1,(anonymous_10)
FNDA:0,(anonymous_11)
FNDA:1,(anonymous_12)
FNDA:1,(anonymous_13)
FNDA:0,(anonymous_14)
FNDA:1,(anonymous_15)
FNDA:1,(anonymous_16)
FNDA:0,(anonymous_17)
FNDA:1,(anonymous_18)
FNDA:1,(anonymous_19)
FNDA:0,(anonymous_20)
FNDA:1,(anonymous_21)
FNDA:1,(anonymous_22)
FNDA:0,(anonymous_23)
FNDA:1,(anonymous_24)
FNDA:1,(anonymous_25)
FNDA:0,(anonymous_26)
DA:1,2
DA:3,2
DA:4,2
DA:10,2
DA:11,1
DA:13,1
DA:14,1
DA:16,0
DA:22,2
DA:23,1
DA:25,1
DA:26,1
DA:27,0
DA:33,2
DA:34,0
DA:36,0
DA:37,0
DA:38,0
DA:44,2
DA:45,1
DA:47,1
DA:48,1
DA:49,0
DA:55,2
DA:56,1
DA:58,1
DA:59,1
DA:60,0
DA:67,2
DA:68,1
DA:69,1
DA:70,1
DA:71,0
DA:77,2
DA:78,1
DA:81,1
DA:82,0
DA:88,2
DA:89,1
DA:91,1
DA:92,0
DA:99,2
DA:100,1
DA:102,1
DA:103,0
LF:45
LH:33
BRF:0
BRH:0
end_of_record
TN:
SF:/Users/Kevgumba/Desktop/Programming/chingu/quizApp/Bears-Team-0/controllers/user_controller.js
FN:10,(anonymous_0)
FN:12,(anonymous_1)
FN:15,(anonymous_2)
FN:20,(anonymous_3)
FN:21,(anonymous_4)
FN:24,(anonymous_5)
FN:30,(anonymous_6)
FN:32,(anonymous_7)
FN:35,(anonymous_8)
FN:40,(anonymous_9)
FN:42,(anonymous_10)
FN:46,(anonymous_11)
FN:51,(anonymous_12)
FN:52,(anonymous_13)
FN:54,(anonymous_14)
FN:60,(anonymous_15)
FN:61,(anonymous_16)
FN:63,(anonymous_17)
FNF:18
FNH:2
FNDA:0,(anonymous_0)
FNDA:0,(anonymous_1)
FNDA:0,(anonymous_2)
FNDA:1,(anonymous_3)
FNDA:1,(anonymous_4)
FNDA:0,(anonymous_5)
FNDA:0,(anonymous_6)
FNDA:0,(anonymous_7)
FNDA:0,(anonymous_8)
FNDA:0,(anonymous_9)
FNDA:0,(anonymous_10)
FNDA:0,(anonymous_11)
FNDA:0,(anonymous_12)
FNDA:0,(anonymous_13)
FNDA:0,(anonymous_14)
FNDA:0,(anonymous_15)
FNDA:0,(anonymous_16)
FNDA:0,(anonymous_17)
DA:1,2
DA:2,2
DA:4,2
DA:5,2
DA:10,2
DA:11,0
DA:13,0
DA:14,0
DA:15,0
DA:20,2
DA:21,1
DA:22,1
DA:23,1
DA:24,0
DA:30,2
DA:31,0
DA:33,0
DA:34,0
DA:35,0
DA:40,2
DA:41,0
DA:43,0
DA:44,0
DA:46,0
DA:51,2
DA:52,0
DA:53,0
DA:54,0
DA:60,2
DA:61,0
DA:62,0
DA:63,0
LF:32
LH:13
BRF:0
BRH:0
end_of_record
TN:
SF:/Users/Kevgumba/Desktop/Programming/chingu/quizApp/Bears-Team-0/models/quiz/Quiz.js
FN:2,(anonymous_0)
FNF:1
FNH:1
FNDA:130,(anonymous_0)
DA:1,2
DA:3,130
DA:4,48
DA:6,130
DA:7,130
DA:8,130
DA:9,130
DA:10,130
LF:8
LH:8
BRDA:2,0,0,82
BRDA:3,1,0,48
BRDA:3,1,1,82
BRF:3
BRH:3
end_of_record
TN:
SF:/Users/Kevgumba/Desktop/Programming/chingu/quizApp/Bears-Team-0/models/quiz/mongodb_quiz.js
FN:20,connectDb
FN:21,(anonymous_1)
FN:23,(anonymous_2)
FN:37,read
FN:38,(anonymous_4)
FN:42,(anonymous_5)
FN:61,readUserQuizzes
FN:62,(anonymous_7)
FN:68,(anonymous_8)
FN:69,(anonymous_9)
FN:71,(anonymous_10)
FN:86,readAll
FN:87,(anonymous_12)
FN:89,(anonymous_13)
FN:90,(anonymous_14)
FN:92,(anonymous_15)
FN:106,readPopular
FN:107,(anonymous_17)
FN:109,(anonymous_18)
FN:110,(anonymous_19)
FN:112,(anonymous_20)
FN:126,create
FN:127,(anonymous_22)
FN:131,(anonymous_23)
FN:151,destroy
FN:152,(anonymous_25)
FN:156,(anonymous_26)
FN:169,update
FN:170,(anonymous_28)
FN:181,(anonymous_29)
FN:188,(anonymous_30)
FN:201,updateFavorites
FN:202,(anonymous_32)
FN:209,(anonymous_33)
FN:219,count
FN:220,(anonymous_35)
FN:222,(anonymous_36)
FN:223,(anonymous_37)
FNF:38
FNH:33
FNDA:8,connectDb
FNDA:8,(anonymous_1)
FNDA:1,(anonymous_2)
FNDA:1,read
FNDA:1,(anonymous_4)
FNDA:1,(anonymous_5)
FNDA:1,readUserQuizzes
FNDA:1,(anonymous_7)
FNDA:1,(anonymous_8)
FNDA:1,(anonymous_9)
FNDA:47,(anonymous_10)
FNDA:1,readAll
FNDA:1,(anonymous_12)
FNDA:1,(anonymous_13)
FNDA:1,(anonymous_14)
FNDA:80,(anonymous_15)
FNDA:0,readPopular
FNDA:0,(anonymous_17)
FNDA:0,(anonymous_18)
FNDA:0,(anonymous_19)
FNDA:0,(anonymous_20)
FNDA:1,create
FNDA:1,(anonymous_22)
FNDA:1,(anonymous_23)
FNDA:1,destroy
FNDA:1,(anonymous_25)
FNDA:1,(anonymous_26)
FNDA:1,update
FNDA:1,(anonymous_28)
FNDA:2,(anonymous_29)
FNDA:1,(anonymous_30)
FNDA:1,updateFavorites
FNDA:1,(anonymous_32)
FNDA:1,(anonymous_33)
FNDA:1,count
FNDA:1,(anonymous_35)
FNDA:1,(anonymous_36)
FNDA:1,(anonymous_37)
DA:1,2
DA:2,2
DA:3,2
DA:4,2
DA:5,2
DA:7,2
DA:8,2
DA:12,2
DA:13,2
DA:14,2
DA:20,2
DA:21,8
DA:22,8
DA:23,1
DA:24,1
DA:25,1
DA:26,1
DA:27,1
DA:37,2
DA:38,1
DA:39,1
DA:40,1
DA:41,1
DA:43,1
DA:49,1
DA:50,1
DA:61,2
DA:62,1
DA:63,1
DA:68,1
DA:69,1
DA:70,1
DA:71,1
DA:72,47
DA:74,1
DA:86,2
DA:87,1
DA:88,1
DA:89,1
DA:90,1
DA:91,1
DA:92,1
DA:93,80
DA:95,1
DA:106,2
DA:107,0
DA:108,0
DA:109,0
DA:110,0
DA:111,0
DA:112,0
DA:113,0
DA:115,0
DA:126,2
DA:127,1
DA:128,1
DA:129,1
DA:130,1
DA:132,1
DA:133,1
DA:140,1
DA:141,1
DA:151,2
DA:152,1
DA:153,1
DA:154,1
DA:155,1
DA:157,1
DA:158,1
DA:169,2
DA:170,1
DA:172,1
DA:173,0
DA:176,1
DA:177,1
DA:178,1
DA:179,1
DA:181,1
DA:182,2
DA:185,1
DA:189,1
DA:190,1
DA:201,2
DA:202,1
DA:203,1
DA:204,1
DA:205,1
DA:206,1
DA:210,1
DA:211,1
DA:219,2
DA:220,1
DA:221,1
DA:222,1
DA:223,1
DA:224,1
DA:225,1
LF:97
LH:88
BRDA:22,0,0,7
BRDA:22,0,1,1
BRDA:24,1,0,0
BRDA:24,1,1,1
BRDA:70,2,0,0
BRDA:70,2,1,1
BRDA:91,3,0,0
BRDA:91,3,1,1
BRDA:111,4,0,0
BRDA:111,4,1,0
BRDA:172,5,0,0
BRDA:172,5,1,1
BRDA:172,6,0,1
BRDA:172,6,1,1
BRDA:224,7,0,0
BRDA:224,7,1,1
BRF:16
BRH:9
end_of_record
TN:
SF:/Users/Kevgumba/Desktop/Programming/chingu/quizApp/Bears-Team-0/models/user/User.js
FN:6,(anonymous_0)
FNF:1
FNH:0
FNDA:0,(anonymous_0)
DA:1,2
DA:2,2
DA:3,2
DA:5,2
DA:7,0
DA:8,0
DA:9,0
LF:7
LH:4
BRF:0
BRH:0
end_of_record
TN:
SF:/Users/Kevgumba/Desktop/Programming/chingu/quizApp/Bears-Team-0/models/user/mongodb_user.js
FN:20,connectDb
FN:21,(anonymous_1)
FN:23,(anonymous_2)
FN:36,read
FN:37,(anonymous_4)
FN:41,(anonymous_5)
FN:63,create
FN:64,(anonymous_7)
FN:77,(anonymous_8)
FN:100,readAll
FN:101,(anonymous_10)
FN:103,(anonymous_11)
FN:104,(anonymous_12)
FN:106,(anonymous_13)
FN:129,update
FN:130,(anonymous_15)
FN:133,(anonymous_16)
FN:154,destroy
FN:155,(anonymous_18)
FN:158,(anonymous_19)
FN:167,count
FN:168,(anonymous_21)
FN:170,(anonymous_22)
FN:171,(anonymous_23)
FN:179,findOrCreate
FN:180,(anonymous_25)
FNF:26
FNH:7
FNDA:1,connectDb
FNDA:1,(anonymous_1)
FNDA:1,(anonymous_2)
FNDA:0,read
FNDA:0,(anonymous_4)
FNDA:0,(anonymous_5)
FNDA:0,create
FNDA:0,(anonymous_7)
FNDA:0,(anonymous_8)
FNDA:0,readAll
FNDA:0,(anonymous_10)
FNDA:0,(anonymous_11)
FNDA:0,(anonymous_12)
FNDA:0,(anonymous_13)
FNDA:0,update
FNDA:0,(anonymous_15)
FNDA:0,(anonymous_16)
FNDA:0,destroy
FNDA:0,(anonymous_18)
FNDA:0,(anonymous_19)
FNDA:1,count
FNDA:1,(anonymous_21)
FNDA:1,(anonymous_22)
FNDA:1,(anonymous_23)
FNDA:0,findOrCreate
FNDA:0,(anonymous_25)
DA:1,2
DA:2,2
DA:3,2
DA:4,2
DA:5,2
DA:7,2
DA:8,2
DA:12,2
DA:13,2
DA:14,2
DA:20,2
DA:21,1
DA:22,1
DA:23,1
DA:24,1
DA:25,1
DA:26,1
DA:27,1
DA:36,2
DA:37,0
DA:38,0
DA:40,0
DA:42,0
DA:43,0
DA:53,0
DA:54,0
DA:63,2
DA:64,0
DA:65,0
DA:66,0
DA:76,0
DA:77,0
DA:78,0
DA:79,0
DA:89,0
DA:90,0
DA:100,2
DA:101,0
DA:102,0
DA:103,0
DA:104,0
DA:105,0
DA:106,0
DA:107,0
DA:118,0
DA:129,2
DA:130,0
DA:131,0
DA:132,0
DA:133,0
DA:134,0
DA:135,0
DA:154,2
DA:155,0
DA:156,0
DA:157,0
DA:158,0
DA:159,0
DA:160,0
DA:167,2
DA:168,1
DA:169,1
DA:170,1
DA:171,1
DA:172,1
DA:173,1
DA:179,2
DA:180,0
DA:181,0
DA:182,0
DA:183,0
DA:185,0
DA:186,0
LF:73
LH:31
BRDA:22,0,0,0
BRDA:22,0,1,1
BRDA:24,1,0,0
BRDA:24,1,1,1
BRDA:42,2,0,0
BRDA:42,2,1,0
BRDA:105,3,0,0
BRDA:105,3,1,0
BRDA:172,4,0,0
BRDA:172,4,1,1
BRDA:181,5,0,0
BRDA:181,5,1,0
BRF:12
BRH:3
end_of_record
TN:
SF:/Users/Kevgumba/Desktop/Programming/chingu/quizApp/Bears-Team-0/routes/index.js
FNF:0
FNH:0
DA:1,2
DA:2,2
DA:3,2
DA:4,2
DA:6,2
DA:7,2
DA:9,2
LF:7
LH:7
BRF:0
BRH:0
end_of_record
TN:
SF:/Users/Kevgumba/Desktop/Programming/chingu/quizApp/Bears-Team-0/routes/quiz_routes.js
FNF:0
FNH:0
DA:1,2
DA:2,2
DA:3,2
DA:8,2
DA:13,2
DA:17,2
DA:22,2
DA:31,2
DA:35,2
DA:39,2
DA:43,2
DA:48,2
DA:50,2
LF:13
LH:13
BRF:0
BRH:0
end_of_record
TN:
SF:/Users/Kevgumba/Desktop/Programming/chingu/quizApp/Bears-Team-0/routes/user_routes.js
FNF:0
FNH:0
DA:1,2
DA:2,2
DA:3,2
DA:5,2
DA:9,2
DA:13,2
DA:22,2
DA:26,2
DA:30,2
DA:34,2
DA:36,2
LF:11
LH:11
BRF:0
BRH:0
end_of_record
